<?xml version="1.0" encoding="UTF-8"?>
<!-- Generated by org.testng.reporters.JUnitReportReporter -->
<testsuite hostname="LAPTOP-ETFT24G3" failures="0" tests="2" name="TEST.Demo" time="0.001" errors="0" timestamp="2022-05-11T14:04:42 IST" skipped="0">
  <testcase classname="TEST.Demo" name="login" time="0.000"/>
  <system-out/>
  <testcase classname="TEST.Demo" name="singup" time="0.001"/>
  <system-out/>
</testsuite> <!-- TEST.Demo -->
