<?xml version="1.0" encoding="UTF-8"?>
<!-- Generated by org.testng.reporters.JUnitReportReporter -->
<testsuite hostname="LAPTOP-ETFT24G3" failures="0" tests="9" name="TEST.testNgKeyword" time="0.013" errors="0" timestamp="2022-05-11T14:04:42 IST" skipped="1">
  <testcase classname="TEST.testNgKeyword" name="testC" time="0.003"/>
  <system-out/>
  <testcase classname="TEST.testNgKeyword" name="login" time="0.002"/>
  <system-out/>
  <testcase classname="TEST.testNgKeyword" name="checkC" time="0.001"/>
  <system-out/>
  <testcase classname="TEST.testNgKeyword" name="checkA" time="0.002"/>
  <system-out/>
  <testcase classname="TEST.testNgKeyword" name="checkC" time="0.002"/>
  <system-out/>
  <testcase classname="TEST.testNgKeyword" name="testB" time="0.001"/>
  <system-out/>
  <testcase classname="TEST.testNgKeyword" name="homepage" time="0.001"/>
  <system-out/>
  <testcase classname="TEST.testNgKeyword" name="checkC" time="0.001"/>
  <system-out/>
  <testcase classname="TEST.testNgKeyword" name="testA">
    <skipped/>
  </testcase> <!-- testA -->
  <system-out/>
</testsuite> <!-- TEST.testNgKeyword -->
