<?xml version="1.0" encoding="UTF-8"?>
<!-- Generated by org.testng.reporters.JUnitReportReporter -->
<testsuite hostname="LAPTOP-ETFT24G3" failures="0" tests="7" name="SeleniAuto.testNGkeyword" time="0.017" errors="0" timestamp="2022-04-22T20:19:54 IST" skipped="1">
  <testcase classname="SeleniAuto.testNGkeyword" name="testC" time="0.009"/>
  <system-out/>
  <testcase classname="SeleniAuto.testNGkeyword" name="login" time="0.001"/>
  <system-out/>
  <testcase classname="SeleniAuto.testNGkeyword" name="testB" time="0.001"/>
  <system-out/>
  <testcase classname="SeleniAuto.testNGkeyword" name="testB" time="0.002"/>
  <system-out/>
  <testcase classname="SeleniAuto.testNGkeyword" name="homepage" time="0.002"/>
  <system-out/>
  <testcase classname="SeleniAuto.testNGkeyword" name="testB" time="0.002"/>
  <system-out/>
  <testcase classname="SeleniAuto.testNGkeyword" name="testA">
    <skipped/>
  </testcase> <!-- testA -->
  <system-out/>
</testsuite> <!-- SeleniAuto.testNGkeyword -->
