<?xml version="1.0" encoding="UTF-8"?>
<!-- Generated by org.testng.reporters.JUnitReportReporter -->
<testsuite hostname="LAPTOP-ETFT24G3" failures="0" tests="2" name="POM.zerodhaloginTest" time="8.471" errors="0" timestamp="2022-04-22T12:48:54 IST" skipped="0">
  <testcase classname="POM.zerodhaloginTest" name="loginwithInvalidData" time="3.180"/>
  <system-out/>
  <testcase classname="POM.zerodhaloginTest" name="loginwithValidData" time="5.291"/>
  <system-out/>
</testsuite> <!-- POM.zerodhaloginTest -->
